0 info it worked if it ends with ok
1 verbose cli [ '/usr/local/bin/node',
1 verbose cli   '/usr/local/bin/npm',
1 verbose cli   'install',
1 verbose cli   '--save',
1 verbose cli   'bcrypt' ]
2 info using npm@2.15.1
3 info using node@v4.4.3
4 verbose install initial load of /Users/student/Desktop/hrsf50-shortly-express/package.json
5 verbose installManyTop reading scoped package data from /Users/student/Desktop/hrsf50-shortly-express/node_modules/babel-cli/package.json
6 verbose installManyTop reading scoped package data from /Users/student/Desktop/hrsf50-shortly-express/node_modules/babel-preset-es2015/package.json
7 verbose installManyTop reading scoped package data from /Users/student/Desktop/hrsf50-shortly-express/node_modules/babel-register/package.json
8 verbose installManyTop reading scoped package data from /Users/student/Desktop/hrsf50-shortly-express/node_modules/bcrypt-nodejs/package.json
9 verbose installManyTop reading scoped package data from /Users/student/Desktop/hrsf50-shortly-express/node_modules/bluebird/package.json
10 verbose installManyTop reading scoped package data from /Users/student/Desktop/hrsf50-shortly-express/node_modules/body-parser/package.json
11 verbose installManyTop reading scoped package data from /Users/student/Desktop/hrsf50-shortly-express/node_modules/bookshelf/package.json
12 verbose installManyTop reading scoped package data from /Users/student/Desktop/hrsf50-shortly-express/node_modules/chai/package.json
13 verbose installManyTop reading scoped package data from /Users/student/Desktop/hrsf50-shortly-express/node_modules/cookie-parser/package.json
14 verbose installManyTop reading scoped package data from /Users/student/Desktop/hrsf50-shortly-express/node_modules/ejs/package.json
15 verbose installManyTop reading scoped package data from /Users/student/Desktop/hrsf50-shortly-express/node_modules/eslint-config-hackreactor/package.json
16 verbose installManyTop reading scoped package data from /Users/student/Desktop/hrsf50-shortly-express/node_modules/express/package.json
17 verbose installManyTop reading scoped package data from /Users/student/Desktop/hrsf50-shortly-express/node_modules/express-partials/package.json
18 verbose installManyTop reading scoped package data from /Users/student/Desktop/hrsf50-shortly-express/node_modules/express-session/package.json
19 verbose installManyTop reading scoped package data from /Users/student/Desktop/hrsf50-shortly-express/node_modules/knex/package.json
20 verbose installManyTop reading scoped package data from /Users/student/Desktop/hrsf50-shortly-express/node_modules/mocha/package.json
21 verbose installManyTop reading scoped package data from /Users/student/Desktop/hrsf50-shortly-express/node_modules/request/package.json
22 verbose installManyTop reading scoped package data from /Users/student/Desktop/hrsf50-shortly-express/node_modules/sqlite3/package.json
23 info package.json mocha@2.5.3 No README data
24 info package.json bcrypt-nodejs@0.0.3 No license field.
25 info package.json express-partials@0.3.0 No license field.
26 verbose readDependencies loading dependencies from /Users/student/Desktop/hrsf50-shortly-express/package.json
27 silly cache add args [ 'bcrypt', null ]
28 verbose cache add spec bcrypt
29 silly cache add parsed spec Result {
29 silly cache add   raw: 'bcrypt',
29 silly cache add   scope: null,
29 silly cache add   name: 'bcrypt',
29 silly cache add   rawSpec: '',
29 silly cache add   spec: 'latest',
29 silly cache add   type: 'tag' }
30 silly addNamed bcrypt@latest
31 verbose addNamed "latest" is being treated as a dist-tag for bcrypt
32 info addNameTag [ 'bcrypt', 'latest' ]
33 silly mapToRegistry name bcrypt
34 silly mapToRegistry using default registry
35 silly mapToRegistry registry https://registry.npmjs.org/
36 silly mapToRegistry data Result {
36 silly mapToRegistry   raw: 'bcrypt',
36 silly mapToRegistry   scope: null,
36 silly mapToRegistry   name: 'bcrypt',
36 silly mapToRegistry   rawSpec: '',
36 silly mapToRegistry   spec: 'latest',
36 silly mapToRegistry   type: 'tag' }
37 silly mapToRegistry uri https://registry.npmjs.org/bcrypt
38 verbose addNameTag registry:https://registry.npmjs.org/bcrypt not in flight; fetching
39 verbose request uri https://registry.npmjs.org/bcrypt
40 verbose request no auth needed
41 info attempt registry request try #1 at 11:01:00 AM
42 verbose request id 53f05b2b9d3e8fa2
43 http request GET https://registry.npmjs.org/bcrypt
44 http 200 https://registry.npmjs.org/bcrypt
45 verbose headers { server: 'nginx/1.10.1',
45 verbose headers   'content-type': 'application/json',
45 verbose headers   'last-modified': 'Thu, 24 Nov 2016 12:29:09 GMT',
45 verbose headers   etag: 'W/"5836dd15-1429f"',
45 verbose headers   'content-encoding': 'gzip',
45 verbose headers   'cache-control': 'max-age=300',
45 verbose headers   'content-length': '9975',
45 verbose headers   'accept-ranges': 'bytes',
45 verbose headers   date: 'Tue, 29 Nov 2016 19:01:01 GMT',
45 verbose headers   via: '1.1 varnish',
45 verbose headers   age: '106',
45 verbose headers   connection: 'keep-alive',
45 verbose headers   'x-served-by': 'cache-sea1923-SEA',
45 verbose headers   'x-cache': 'HIT',
45 verbose headers   'x-cache-hits': '2',
45 verbose headers   'x-timer': 'S1480446061.017679,VS0,VE0',
45 verbose headers   vary: 'Accept-Encoding' }
46 silly get cb [ 200,
46 silly get   { server: 'nginx/1.10.1',
46 silly get     'content-type': 'application/json',
46 silly get     'last-modified': 'Thu, 24 Nov 2016 12:29:09 GMT',
46 silly get     etag: 'W/"5836dd15-1429f"',
46 silly get     'content-encoding': 'gzip',
46 silly get     'cache-control': 'max-age=300',
46 silly get     'content-length': '9975',
46 silly get     'accept-ranges': 'bytes',
46 silly get     date: 'Tue, 29 Nov 2016 19:01:01 GMT',
46 silly get     via: '1.1 varnish',
46 silly get     age: '106',
46 silly get     connection: 'keep-alive',
46 silly get     'x-served-by': 'cache-sea1923-SEA',
46 silly get     'x-cache': 'HIT',
46 silly get     'x-cache-hits': '2',
46 silly get     'x-timer': 'S1480446061.017679,VS0,VE0',
46 silly get     vary: 'Accept-Encoding' } ]
47 verbose get saving bcrypt to /Users/student/.npm/registry.npmjs.org/bcrypt/.cache.json
48 verbose correctMkdir /Users/student/.npm correctMkdir not in flight; initializing
49 silly addNameTag next cb for bcrypt with tag latest
50 silly addNamed bcrypt@0.8.7
51 verbose addNamed "0.8.7" is a plain semver version for bcrypt
52 silly mapToRegistry name bcrypt
53 silly mapToRegistry using default registry
54 silly mapToRegistry registry https://registry.npmjs.org/
55 silly mapToRegistry data Result {
55 silly mapToRegistry   raw: 'bcrypt',
55 silly mapToRegistry   scope: null,
55 silly mapToRegistry   name: 'bcrypt',
55 silly mapToRegistry   rawSpec: '',
55 silly mapToRegistry   spec: 'latest',
55 silly mapToRegistry   type: 'tag' }
56 silly mapToRegistry uri https://registry.npmjs.org/bcrypt
57 verbose addRemoteTarball https://registry.npmjs.org/bcrypt/-/bcrypt-0.8.7.tgz not in flight; adding
58 verbose addRemoteTarball [ 'https://registry.npmjs.org/bcrypt/-/bcrypt-0.8.7.tgz',
58 verbose addRemoteTarball   'bc3875a9afd0a7b2cd231a6a7f218a5ce156b093' ]
59 info retry fetch attempt 1 at 11:01:01 AM
60 info attempt registry request try #1 at 11:01:01 AM
61 http fetch GET https://registry.npmjs.org/bcrypt/-/bcrypt-0.8.7.tgz
62 http fetch 200 https://registry.npmjs.org/bcrypt/-/bcrypt-0.8.7.tgz
63 silly fetchAndShaCheck shasum bc3875a9afd0a7b2cd231a6a7f218a5ce156b093
64 verbose addTmpTarball /var/folders/_k/kyz_1lq103v533q_v8yrwd2c0000gp/T/npm-2201-90888ea0/registry.npmjs.org/bcrypt/-/bcrypt-0.8.7.tgz not in flight; adding
65 verbose addTmpTarball already have metadata; skipping unpack for bcrypt@0.8.7
66 verbose correctMkdir /Users/student/.npm correctMkdir not in flight; initializing
67 silly cache afterAdd bcrypt@0.8.7
68 verbose afterAdd /Users/student/.npm/bcrypt/0.8.7/package/package.json not in flight; writing
69 verbose correctMkdir /Users/student/.npm correctMkdir not in flight; initializing
70 verbose afterAdd /Users/student/.npm/bcrypt/0.8.7/package/package.json written
71 silly install resolved [ { name: 'bcrypt',
71 silly install resolved     description: 'A bcrypt library for NodeJS.',
71 silly install resolved     keywords:
71 silly install resolved      [ 'bcrypt',
71 silly install resolved        'password',
71 silly install resolved        'auth',
71 silly install resolved        'authentication',
71 silly install resolved        'encryption',
71 silly install resolved        'crypt',
71 silly install resolved        'crypto' ],
71 silly install resolved     main: './bcrypt',
71 silly install resolved     version: '0.8.7',
71 silly install resolved     author: { name: 'Nick Campbell', url: 'https://github.com/ncb000gt' },
71 silly install resolved     engines: { node: '>= 0.6.0' },
71 silly install resolved     repository:
71 silly install resolved      { type: 'git',
71 silly install resolved        url: 'git+https://github.com/ncb000gt/node.bcrypt.js.git' },
71 silly install resolved     license: 'MIT',
71 silly install resolved     bugs: { url: 'https://github.com/ncb000gt/node.bcrypt.js/issues' },
71 silly install resolved     scripts:
71 silly install resolved      { test: 'node-gyp configure build && nodeunit test',
71 silly install resolved        install: 'node-gyp rebuild' },
71 silly install resolved     dependencies: { bindings: '1.2.1', nan: '2.3.5' },
71 silly install resolved     devDependencies: { nodeunit: '~0.9.1' },
71 silly install resolved     contributors:
71 silly install resolved      [ [Object],
71 silly install resolved        [Object],
71 silly install resolved        [Object],
71 silly install resolved        [Object],
71 silly install resolved        [Object],
71 silly install resolved        [Object],
71 silly install resolved        [Object],
71 silly install resolved        [Object],
71 silly install resolved        [Object],
71 silly install resolved        [Object],
71 silly install resolved        [Object],
71 silly install resolved        [Object],
71 silly install resolved        [Object],
71 silly install resolved        [Object] ],
71 silly install resolved     gypfile: true,
71 silly install resolved     gitHead: '0dc9b78dab6980d129b77d1df723aa44daa7deb4',
71 silly install resolved     homepage: 'https://github.com/ncb000gt/node.bcrypt.js#readme',
71 silly install resolved     _id: 'bcrypt@0.8.7',
71 silly install resolved     _shasum: 'bc3875a9afd0a7b2cd231a6a7f218a5ce156b093',
71 silly install resolved     _from: 'bcrypt@latest',
71 silly install resolved     _npmVersion: '3.8.9',
71 silly install resolved     _nodeVersion: '6.2.0',
71 silly install resolved     _npmUser: { name: 'defunctzombie', email: 'shtylman@gmail.com' },
71 silly install resolved     dist:
71 silly install resolved      { shasum: 'bc3875a9afd0a7b2cd231a6a7f218a5ce156b093',
71 silly install resolved        tarball: 'https://registry.npmjs.org/bcrypt/-/bcrypt-0.8.7.tgz' },
71 silly install resolved     maintainers: [ [Object], [Object], [Object], [Object] ],
71 silly install resolved     _npmOperationalInternal:
71 silly install resolved      { host: 'packages-12-west.internal.npmjs.com',
71 silly install resolved        tmp: 'tmp/bcrypt-0.8.7.tgz_1465526713712_0.05265477881766856' },
71 silly install resolved     directories: {},
71 silly install resolved     _resolved: 'https://registry.npmjs.org/bcrypt/-/bcrypt-0.8.7.tgz' } ]
72 info install bcrypt@0.8.7 into /Users/student/Desktop/hrsf50-shortly-express
73 info installOne bcrypt@0.8.7
74 verbose installOne of bcrypt to /Users/student/Desktop/hrsf50-shortly-express not in flight; installing
75 verbose correctMkdir /Users/student/.npm/_locks correctMkdir not in flight; initializing
76 verbose lock using /Users/student/.npm/_locks/bcrypt-67e16fd85ac9ec98.lock for /Users/student/Desktop/hrsf50-shortly-express/node_modules/bcrypt
77 silly install write writing bcrypt 0.8.7 to /Users/student/Desktop/hrsf50-shortly-express/node_modules/bcrypt
78 verbose unbuild node_modules/bcrypt
79 silly gentlyRm /Users/student/Desktop/hrsf50-shortly-express/node_modules/bcrypt is being purged from base /Users/student/Desktop/hrsf50-shortly-express
80 verbose gentlyRm don't care about contents; nuking /Users/student/Desktop/hrsf50-shortly-express/node_modules/bcrypt
81 verbose tar unpack /Users/student/.npm/bcrypt/0.8.7/package.tgz
82 verbose tar unpacking to /Users/student/Desktop/hrsf50-shortly-express/node_modules/bcrypt
83 silly gentlyRm /Users/student/Desktop/hrsf50-shortly-express/node_modules/bcrypt is being purged
84 verbose gentlyRm don't care about contents; nuking /Users/student/Desktop/hrsf50-shortly-express/node_modules/bcrypt
85 silly gunzTarPerm modes [ '755', '644' ]
86 silly gunzTarPerm extractEntry package.json
87 silly gunzTarPerm extractEntry .npmignore
88 silly gunzTarPerm extractEntry README.md
89 silly gunzTarPerm extractEntry LICENSE
90 silly gunzTarPerm extractEntry bcrypt.js
91 silly gunzTarPerm extractEntry Makefile
92 silly gunzTarPerm extractEntry .travis.yml
93 silly gunzTarPerm extractEntry CHANGELOG.md
94 silly gunzTarPerm extractEntry binding.gyp
95 silly gunzTarPerm extractEntry examples/async_compare.js
96 silly gunzTarPerm extractEntry examples/forever_gen_salt.js
97 silly gunzTarPerm extractEntry test/async.js
98 silly gunzTarPerm extractEntry test/repetitions.js
99 silly gunzTarPerm extractEntry test/sync.js
100 silly gunzTarPerm extractEntry ISSUE_TEMPLATE.md
101 silly gunzTarPerm extractEntry src/bcrypt.cc
102 silly gunzTarPerm extractEntry src/bcrypt_node.cc
103 silly gunzTarPerm extractEntry src/blowfish.cc
104 silly gunzTarPerm extractEntry src/node_blf.h
105 silly gunzTarPerm extractEntry werker.yml
106 verbose write writing to /Users/student/Desktop/hrsf50-shortly-express/node_modules/bcrypt/package.json
107 info preinstall bcrypt@0.8.7
108 verbose readDependencies loading dependencies from /Users/student/Desktop/hrsf50-shortly-express/node_modules/bcrypt/package.json
109 silly prepareForInstallMany adding bindings@1.2.1 from bcrypt dependencies
110 silly prepareForInstallMany adding nan@2.3.5 from bcrypt dependencies
111 verbose readDependencies loading dependencies from /Users/student/Desktop/hrsf50-shortly-express/node_modules/bcrypt/package.json
112 silly cache add args [ 'bindings@1.2.1', null ]
113 verbose cache add spec bindings@1.2.1
114 silly cache add args [ 'nan@2.3.5', null ]
115 verbose cache add spec nan@2.3.5
116 silly cache add parsed spec Result {
116 silly cache add   raw: 'bindings@1.2.1',
116 silly cache add   scope: null,
116 silly cache add   name: 'bindings',
116 silly cache add   rawSpec: '1.2.1',
116 silly cache add   spec: '1.2.1',
116 silly cache add   type: 'version' }
117 silly addNamed bindings@1.2.1
118 verbose addNamed "1.2.1" is a plain semver version for bindings
119 silly mapToRegistry name bindings
120 silly mapToRegistry using default registry
121 silly mapToRegistry registry https://registry.npmjs.org/
122 silly mapToRegistry data Result {
122 silly mapToRegistry   raw: 'bindings',
122 silly mapToRegistry   scope: null,
122 silly mapToRegistry   name: 'bindings',
122 silly mapToRegistry   rawSpec: '',
122 silly mapToRegistry   spec: 'latest',
122 silly mapToRegistry   type: 'tag' }
123 silly mapToRegistry uri https://registry.npmjs.org/bindings
124 verbose addNameVersion registry:https://registry.npmjs.org/bindings not in flight; fetching
125 silly cache add parsed spec Result {
125 silly cache add   raw: 'nan@2.3.5',
125 silly cache add   scope: null,
125 silly cache add   name: 'nan',
125 silly cache add   rawSpec: '2.3.5',
125 silly cache add   spec: '2.3.5',
125 silly cache add   type: 'version' }
126 silly addNamed nan@2.3.5
127 verbose addNamed "2.3.5" is a plain semver version for nan
128 silly mapToRegistry name nan
129 silly mapToRegistry using default registry
130 silly mapToRegistry registry https://registry.npmjs.org/
131 silly mapToRegistry data Result {
131 silly mapToRegistry   raw: 'nan',
131 silly mapToRegistry   scope: null,
131 silly mapToRegistry   name: 'nan',
131 silly mapToRegistry   rawSpec: '',
131 silly mapToRegistry   spec: 'latest',
131 silly mapToRegistry   type: 'tag' }
132 silly mapToRegistry uri https://registry.npmjs.org/nan
133 verbose addNameVersion registry:https://registry.npmjs.org/nan not in flight; fetching
134 verbose request uri https://registry.npmjs.org/bindings
135 verbose request no auth needed
136 info attempt registry request try #1 at 11:01:01 AM
137 http request GET https://registry.npmjs.org/bindings
138 verbose request uri https://registry.npmjs.org/nan
139 verbose request no auth needed
140 info attempt registry request try #1 at 11:01:01 AM
141 verbose etag W/"5818d749-1ce1e"
142 verbose lastModified Tue, 01 Nov 2016 17:56:25 GMT
143 http request GET https://registry.npmjs.org/nan
144 http 200 https://registry.npmjs.org/bindings
145 verbose headers { server: 'nginx/1.10.1',
145 verbose headers   'content-type': 'application/json',
145 verbose headers   'last-modified': 'Tue, 18 Oct 2016 15:54:59 GMT',
145 verbose headers   etag: 'W/"580645d3-46f7"',
145 verbose headers   'content-encoding': 'gzip',
145 verbose headers   'cache-control': 'max-age=300',
145 verbose headers   'content-length': '3493',
145 verbose headers   'accept-ranges': 'bytes',
145 verbose headers   date: 'Tue, 29 Nov 2016 19:01:01 GMT',
145 verbose headers   via: '1.1 varnish',
145 verbose headers   age: '232',
145 verbose headers   connection: 'keep-alive',
145 verbose headers   'x-served-by': 'cache-sea1923-SEA',
145 verbose headers   'x-cache': 'HIT',
145 verbose headers   'x-cache-hits': '6',
145 verbose headers   'x-timer': 'S1480446061.477103,VS0,VE0',
145 verbose headers   vary: 'Accept-Encoding' }
146 silly get cb [ 200,
146 silly get   { server: 'nginx/1.10.1',
146 silly get     'content-type': 'application/json',
146 silly get     'last-modified': 'Tue, 18 Oct 2016 15:54:59 GMT',
146 silly get     etag: 'W/"580645d3-46f7"',
146 silly get     'content-encoding': 'gzip',
146 silly get     'cache-control': 'max-age=300',
146 silly get     'content-length': '3493',
146 silly get     'accept-ranges': 'bytes',
146 silly get     date: 'Tue, 29 Nov 2016 19:01:01 GMT',
146 silly get     via: '1.1 varnish',
146 silly get     age: '232',
146 silly get     connection: 'keep-alive',
146 silly get     'x-served-by': 'cache-sea1923-SEA',
146 silly get     'x-cache': 'HIT',
146 silly get     'x-cache-hits': '6',
146 silly get     'x-timer': 'S1480446061.477103,VS0,VE0',
146 silly get     vary: 'Accept-Encoding' } ]
147 verbose get saving bindings to /Users/student/.npm/registry.npmjs.org/bindings/.cache.json
148 verbose correctMkdir /Users/student/.npm correctMkdir not in flight; initializing
149 silly mapToRegistry name bindings
150 silly mapToRegistry using default registry
151 silly mapToRegistry registry https://registry.npmjs.org/
152 silly mapToRegistry data Result {
152 silly mapToRegistry   raw: 'bindings',
152 silly mapToRegistry   scope: null,
152 silly mapToRegistry   name: 'bindings',
152 silly mapToRegistry   rawSpec: '',
152 silly mapToRegistry   spec: 'latest',
152 silly mapToRegistry   type: 'tag' }
153 silly mapToRegistry uri https://registry.npmjs.org/bindings
154 verbose addRemoteTarball https://registry.npmjs.org/bindings/-/bindings-1.2.1.tgz not in flight; adding
155 verbose addRemoteTarball [ 'https://registry.npmjs.org/bindings/-/bindings-1.2.1.tgz',
155 verbose addRemoteTarball   '14ad6113812d2d37d72e67b4cacb4bb726505f11' ]
156 info retry fetch attempt 1 at 11:01:01 AM
157 info attempt registry request try #1 at 11:01:01 AM
158 http fetch GET https://registry.npmjs.org/bindings/-/bindings-1.2.1.tgz
159 http 304 https://registry.npmjs.org/nan
160 verbose headers { date: 'Tue, 29 Nov 2016 19:01:01 GMT',
160 verbose headers   via: '1.1 varnish',
160 verbose headers   'cache-control': 'max-age=300',
160 verbose headers   etag: 'W/"5818d749-1ce1e"',
160 verbose headers   age: '13',
160 verbose headers   connection: 'keep-alive',
160 verbose headers   'x-served-by': 'cache-sea1924-SEA',
160 verbose headers   'x-cache': 'HIT',
160 verbose headers   'x-cache-hits': '4',
160 verbose headers   'x-timer': 'S1480446061.504955,VS0,VE0',
160 verbose headers   vary: 'Accept-Encoding' }
161 silly get cb [ 304,
161 silly get   { date: 'Tue, 29 Nov 2016 19:01:01 GMT',
161 silly get     via: '1.1 varnish',
161 silly get     'cache-control': 'max-age=300',
161 silly get     etag: 'W/"5818d749-1ce1e"',
161 silly get     age: '13',
161 silly get     connection: 'keep-alive',
161 silly get     'x-served-by': 'cache-sea1924-SEA',
161 silly get     'x-cache': 'HIT',
161 silly get     'x-cache-hits': '4',
161 silly get     'x-timer': 'S1480446061.504955,VS0,VE0',
161 silly get     vary: 'Accept-Encoding' } ]
162 verbose etag https://registry.npmjs.org/nan from cache
163 verbose get saving nan to /Users/student/.npm/registry.npmjs.org/nan/.cache.json
164 verbose correctMkdir /Users/student/.npm correctMkdir not in flight; initializing
165 http fetch 200 https://registry.npmjs.org/bindings/-/bindings-1.2.1.tgz
166 silly mapToRegistry name nan
167 silly mapToRegistry using default registry
168 silly mapToRegistry registry https://registry.npmjs.org/
169 silly mapToRegistry data Result {
169 silly mapToRegistry   raw: 'nan',
169 silly mapToRegistry   scope: null,
169 silly mapToRegistry   name: 'nan',
169 silly mapToRegistry   rawSpec: '',
169 silly mapToRegistry   spec: 'latest',
169 silly mapToRegistry   type: 'tag' }
170 silly mapToRegistry uri https://registry.npmjs.org/nan
171 verbose addRemoteTarball https://registry.npmjs.org/nan/-/nan-2.3.5.tgz not in flight; adding
172 verbose addRemoteTarball [ 'https://registry.npmjs.org/nan/-/nan-2.3.5.tgz',
172 verbose addRemoteTarball   '822a0dc266290ce4cd3a12282ca3e7e364668a08' ]
173 silly fetchAndShaCheck shasum 14ad6113812d2d37d72e67b4cacb4bb726505f11
174 verbose addTmpTarball /var/folders/_k/kyz_1lq103v533q_v8yrwd2c0000gp/T/npm-2201-90888ea0/registry.npmjs.org/bindings/-/bindings-1.2.1.tgz not in flight; adding
175 verbose addTmpTarball already have metadata; skipping unpack for bindings@1.2.1
176 verbose correctMkdir /Users/student/.npm correctMkdir not in flight; initializing
177 info retry fetch attempt 1 at 11:01:01 AM
178 info attempt registry request try #1 at 11:01:01 AM
179 http fetch GET https://registry.npmjs.org/nan/-/nan-2.3.5.tgz
180 silly cache afterAdd bindings@1.2.1
181 verbose afterAdd /Users/student/.npm/bindings/1.2.1/package/package.json not in flight; writing
182 verbose correctMkdir /Users/student/.npm correctMkdir not in flight; initializing
183 verbose afterAdd /Users/student/.npm/bindings/1.2.1/package/package.json written
184 http fetch 200 https://registry.npmjs.org/nan/-/nan-2.3.5.tgz
185 silly fetchAndShaCheck shasum 822a0dc266290ce4cd3a12282ca3e7e364668a08
186 verbose addTmpTarball /var/folders/_k/kyz_1lq103v533q_v8yrwd2c0000gp/T/npm-2201-90888ea0/registry.npmjs.org/nan/-/nan-2.3.5.tgz not in flight; adding
187 verbose addTmpTarball already have metadata; skipping unpack for nan@2.3.5
188 verbose correctMkdir /Users/student/.npm correctMkdir not in flight; initializing
189 silly cache afterAdd nan@2.3.5
190 verbose afterAdd /Users/student/.npm/nan/2.3.5/package/package.json not in flight; writing
191 verbose correctMkdir /Users/student/.npm correctMkdir not in flight; initializing
192 verbose afterAdd /Users/student/.npm/nan/2.3.5/package/package.json written
193 silly install resolved [ { name: 'bindings',
193 silly install resolved     description: 'Helper module for loading your native module\'s .node file',
193 silly install resolved     keywords: [ 'native', 'addon', 'bindings', 'gyp', 'waf', 'c', 'c++' ],
193 silly install resolved     version: '1.2.1',
193 silly install resolved     author:
193 silly install resolved      { name: 'Nathan Rajlich',
193 silly install resolved        email: 'nathan@tootallnate.net',
193 silly install resolved        url: 'http://tootallnate.net' },
193 silly install resolved     repository:
193 silly install resolved      { type: 'git',
193 silly install resolved        url: 'git://github.com/TooTallNate/node-bindings.git' },
193 silly install resolved     main: './bindings.js',
193 silly install resolved     bugs: { url: 'https://github.com/TooTallNate/node-bindings/issues' },
193 silly install resolved     homepage: 'https://github.com/TooTallNate/node-bindings',
193 silly install resolved     license: 'MIT',
193 silly install resolved     gitHead: 'e404152ee27f8478ccbc7122ee051246e8e5ec02',
193 silly install resolved     _id: 'bindings@1.2.1',
193 silly install resolved     scripts: {},
193 silly install resolved     _shasum: '14ad6113812d2d37d72e67b4cacb4bb726505f11',
193 silly install resolved     _from: 'bindings@1.2.1',
193 silly install resolved     _npmVersion: '1.4.14',
193 silly install resolved     _npmUser: { name: 'tootallnate', email: 'nathan@tootallnate.net' },
193 silly install resolved     maintainers: [ [Object], [Object] ],
193 silly install resolved     dist:
193 silly install resolved      { shasum: '14ad6113812d2d37d72e67b4cacb4bb726505f11',
193 silly install resolved        tarball: 'https://registry.npmjs.org/bindings/-/bindings-1.2.1.tgz' },
193 silly install resolved     directories: {},
193 silly install resolved     _resolved: 'https://registry.npmjs.org/bindings/-/bindings-1.2.1.tgz' },
193 silly install resolved   { name: 'nan',
193 silly install resolved     version: '2.3.5',
193 silly install resolved     description: 'Native Abstractions for Node.js: C++ header for Node 0.8 -> 6 compatibility',
193 silly install resolved     main: 'include_dirs.js',
193 silly install resolved     repository: { type: 'git', url: 'git://github.com/nodejs/nan.git' },
193 silly install resolved     scripts:
193 silly install resolved      { test: 'tap --gc --stderr test/js/*-test.js',
193 silly install resolved        'rebuild-tests': 'node-gyp rebuild --msvs_version=2013 --directory test',
193 silly install resolved        docs: 'doc/.build.sh' },
193 silly install resolved     contributors:
193 silly install resolved      [ [Object],
193 silly install resolved        [Object],
193 silly install resolved        [Object],
193 silly install resolved        [Object],
193 silly install resolved        [Object],
193 silly install resolved        [Object],
193 silly install resolved        [Object] ],
193 silly install resolved     devDependencies:
193 silly install resolved      { bindings: '~1.2.1',
193 silly install resolved        commander: '^2.8.1',
193 silly install resolved        glob: '^5.0.14',
193 silly install resolved        'node-gyp': '~3.0.1',
193 silly install resolved        tap: '~0.7.1',
193 silly install resolved        xtend: '~4.0.0' },
193 silly install resolved     license: 'MIT',
193 silly install resolved     bugs: { url: 'https://github.com/nodejs/nan/issues' },
193 silly install resolved     homepage: 'https://github.com/nodejs/nan#readme',
193 silly install resolved     _id: 'nan@2.3.5',
193 silly install resolved     _shasum: '822a0dc266290ce4cd3a12282ca3e7e364668a08',
193 silly install resolved     _resolved: 'https://registry.npmjs.org/nan/-/nan-2.3.5.tgz',
193 silly install resolved     _from: 'nan@2.3.5',
193 silly install resolved     _npmVersion: '3.3.6',
193 silly install resolved     _nodeVersion: '5.0.0',
193 silly install resolved     _npmUser: { name: 'kkoopa', email: 'bbyholm@abo.fi' },
193 silly install resolved     dist:
193 silly install resolved      { shasum: '822a0dc266290ce4cd3a12282ca3e7e364668a08',
193 silly install resolved        tarball: 'https://registry.npmjs.org/nan/-/nan-2.3.5.tgz' },
193 silly install resolved     maintainers: [ [Object], [Object] ],
193 silly install resolved     _npmOperationalInternal:
193 silly install resolved      { host: 'packages-12-west.internal.npmjs.com',
193 silly install resolved        tmp: 'tmp/nan-2.3.5.tgz_1464707164994_0.4295874561648816' },
193 silly install resolved     directories: {} } ]
194 info install bindings@1.2.1 into /Users/student/Desktop/hrsf50-shortly-express/node_modules/bcrypt
195 info install nan@2.3.5 into /Users/student/Desktop/hrsf50-shortly-express/node_modules/bcrypt
196 info installOne bindings@1.2.1
197 verbose installOne of bindings to /Users/student/Desktop/hrsf50-shortly-express/node_modules/bcrypt not in flight; installing
198 verbose correctMkdir /Users/student/.npm/_locks correctMkdir not in flight; initializing
199 info installOne nan@2.3.5
200 verbose installOne of nan to /Users/student/Desktop/hrsf50-shortly-express/node_modules/bcrypt not in flight; installing
201 verbose correctMkdir /Users/student/.npm/_locks correctMkdir not in flight; initializing
202 verbose lock using /Users/student/.npm/_locks/bindings-9aff8c2807cd03a2.lock for /Users/student/Desktop/hrsf50-shortly-express/node_modules/bcrypt/node_modules/bindings
203 verbose lock using /Users/student/.npm/_locks/nan-dbacf7c997cb46bf.lock for /Users/student/Desktop/hrsf50-shortly-express/node_modules/bcrypt/node_modules/nan
204 silly install write writing bindings 1.2.1 to /Users/student/Desktop/hrsf50-shortly-express/node_modules/bcrypt/node_modules/bindings
205 silly install write writing nan 2.3.5 to /Users/student/Desktop/hrsf50-shortly-express/node_modules/bcrypt/node_modules/nan
206 verbose unbuild node_modules/bcrypt/node_modules/bindings
207 verbose unbuild node_modules/bcrypt/node_modules/nan
208 silly gentlyRm /Users/student/Desktop/hrsf50-shortly-express/node_modules/bcrypt/node_modules/bindings is being purged from base /Users/student/Desktop/hrsf50-shortly-express
209 verbose gentlyRm don't care about contents; nuking /Users/student/Desktop/hrsf50-shortly-express/node_modules/bcrypt/node_modules/bindings
210 silly gentlyRm /Users/student/Desktop/hrsf50-shortly-express/node_modules/bcrypt/node_modules/nan is being purged from base /Users/student/Desktop/hrsf50-shortly-express
211 verbose gentlyRm don't care about contents; nuking /Users/student/Desktop/hrsf50-shortly-express/node_modules/bcrypt/node_modules/nan
212 verbose tar unpack /Users/student/.npm/bindings/1.2.1/package.tgz
213 verbose tar unpacking to /Users/student/Desktop/hrsf50-shortly-express/node_modules/bcrypt/node_modules/bindings
214 silly gentlyRm /Users/student/Desktop/hrsf50-shortly-express/node_modules/bcrypt/node_modules/bindings is being purged
215 verbose gentlyRm don't care about contents; nuking /Users/student/Desktop/hrsf50-shortly-express/node_modules/bcrypt/node_modules/bindings
216 verbose tar unpack /Users/student/.npm/nan/2.3.5/package.tgz
217 verbose tar unpacking to /Users/student/Desktop/hrsf50-shortly-express/node_modules/bcrypt/node_modules/nan
218 silly gentlyRm /Users/student/Desktop/hrsf50-shortly-express/node_modules/bcrypt/node_modules/nan is being purged
219 verbose gentlyRm don't care about contents; nuking /Users/student/Desktop/hrsf50-shortly-express/node_modules/bcrypt/node_modules/nan
220 silly gunzTarPerm modes [ '755', '644' ]
221 silly gunzTarPerm modes [ '755', '644' ]
222 silly gunzTarPerm extractEntry package.json
223 silly gunzTarPerm extractEntry package.json
224 silly gunzTarPerm modified mode [ 'package.json', 436, 420 ]
225 silly gunzTarPerm extractEntry README.md
226 silly gunzTarPerm extractEntry bindings.js
227 silly gunzTarPerm extractEntry README.md
228 silly gunzTarPerm modified mode [ 'README.md', 436, 420 ]
229 silly gunzTarPerm extractEntry include_dirs.js
230 silly gunzTarPerm modified mode [ 'include_dirs.js', 436, 420 ]
231 silly gunzTarPerm extractEntry nan_converters.h
232 silly gunzTarPerm modified mode [ 'nan_converters.h', 436, 420 ]
233 silly gunzTarPerm extractEntry LICENSE.md
234 silly gunzTarPerm modified mode [ 'LICENSE.md', 436, 420 ]
235 silly gunzTarPerm extractEntry doc/node_misc.md
236 silly gunzTarPerm modified mode [ 'doc/node_misc.md', 436, 420 ]
237 silly gunzTarPerm extractEntry doc/asyncworker.md
238 silly gunzTarPerm modified mode [ 'doc/asyncworker.md', 436, 420 ]
239 silly gunzTarPerm extractEntry doc/callback.md
240 silly gunzTarPerm modified mode [ 'doc/callback.md', 436, 420 ]
241 silly gunzTarPerm extractEntry doc/converters.md
242 silly gunzTarPerm modified mode [ 'doc/converters.md', 436, 420 ]
243 silly gunzTarPerm extractEntry doc/errors.md
244 silly gunzTarPerm modified mode [ 'doc/errors.md', 436, 420 ]
245 silly gunzTarPerm extractEntry doc/maybe_types.md
246 silly gunzTarPerm modified mode [ 'doc/maybe_types.md', 436, 420 ]
247 verbose write writing to /Users/student/Desktop/hrsf50-shortly-express/node_modules/bcrypt/node_modules/bindings/package.json
248 silly gunzTarPerm extractEntry doc/methods.md
249 silly gunzTarPerm modified mode [ 'doc/methods.md', 436, 420 ]
250 silly gunzTarPerm extractEntry doc/new.md
251 silly gunzTarPerm modified mode [ 'doc/new.md', 436, 420 ]
252 info preinstall bindings@1.2.1
253 verbose readDependencies loading dependencies from /Users/student/Desktop/hrsf50-shortly-express/node_modules/bcrypt/node_modules/bindings/package.json
254 silly gunzTarPerm extractEntry doc/buffers.md
255 silly gunzTarPerm modified mode [ 'doc/buffers.md', 436, 420 ]
256 silly gunzTarPerm extractEntry doc/object_wrappers.md
257 silly gunzTarPerm modified mode [ 'doc/object_wrappers.md', 436, 420 ]
258 verbose readDependencies loading dependencies from /Users/student/Desktop/hrsf50-shortly-express/node_modules/bcrypt/node_modules/bindings/package.json
259 silly gunzTarPerm extractEntry doc/persistent.md
260 silly gunzTarPerm modified mode [ 'doc/persistent.md', 436, 420 ]
261 silly gunzTarPerm extractEntry doc/scopes.md
262 silly gunzTarPerm modified mode [ 'doc/scopes.md', 436, 420 ]
263 silly install resolved []
264 verbose about to build /Users/student/Desktop/hrsf50-shortly-express/node_modules/bcrypt/node_modules/bindings
265 info build /Users/student/Desktop/hrsf50-shortly-express/node_modules/bcrypt/node_modules/bindings
266 info linkStuff bindings@1.2.1
267 silly linkStuff bindings@1.2.1 has /Users/student/Desktop/hrsf50-shortly-express/node_modules/bcrypt/node_modules as its parent node_modules
268 silly gunzTarPerm extractEntry doc/script.md
269 silly gunzTarPerm modified mode [ 'doc/script.md', 436, 420 ]
270 verbose linkBins bindings@1.2.1
271 verbose linkMans bindings@1.2.1
272 verbose rebuildBundles bindings@1.2.1
273 silly gunzTarPerm extractEntry doc/string_bytes.md
274 silly gunzTarPerm modified mode [ 'doc/string_bytes.md', 436, 420 ]
275 silly gunzTarPerm extractEntry doc/v8_internals.md
276 silly gunzTarPerm modified mode [ 'doc/v8_internals.md', 436, 420 ]
277 info install bindings@1.2.1
278 info postinstall bindings@1.2.1
279 verbose unlock done using /Users/student/.npm/_locks/bindings-9aff8c2807cd03a2.lock for /Users/student/Desktop/hrsf50-shortly-express/node_modules/bcrypt/node_modules/bindings
280 silly gunzTarPerm extractEntry doc/v8_misc.md
281 silly gunzTarPerm modified mode [ 'doc/v8_misc.md', 436, 420 ]
282 silly gunzTarPerm extractEntry nan.h
283 silly gunzTarPerm modified mode [ 'nan.h', 436, 420 ]
284 silly gunzTarPerm extractEntry nan_callbacks.h
285 silly gunzTarPerm modified mode [ 'nan_callbacks.h', 436, 420 ]
286 silly gunzTarPerm extractEntry nan_callbacks_12_inl.h
287 silly gunzTarPerm modified mode [ 'nan_callbacks_12_inl.h', 436, 420 ]
288 silly gunzTarPerm extractEntry nan_callbacks_pre_12_inl.h
289 silly gunzTarPerm modified mode [ 'nan_callbacks_pre_12_inl.h', 436, 420 ]
290 silly gunzTarPerm extractEntry nan_converters_43_inl.h
291 silly gunzTarPerm modified mode [ 'nan_converters_43_inl.h', 436, 420 ]
292 silly gunzTarPerm extractEntry nan_converters_pre_43_inl.h
293 silly gunzTarPerm modified mode [ 'nan_converters_pre_43_inl.h', 436, 420 ]
294 silly gunzTarPerm extractEntry nan_implementation_12_inl.h
295 silly gunzTarPerm modified mode [ 'nan_implementation_12_inl.h', 436, 420 ]
296 silly gunzTarPerm extractEntry nan_implementation_pre_12_inl.h
297 silly gunzTarPerm modified mode [ 'nan_implementation_pre_12_inl.h', 436, 420 ]
298 silly gunzTarPerm extractEntry nan_maybe_43_inl.h
299 silly gunzTarPerm modified mode [ 'nan_maybe_43_inl.h', 436, 420 ]
300 silly gunzTarPerm extractEntry nan_maybe_pre_43_inl.h
301 silly gunzTarPerm modified mode [ 'nan_maybe_pre_43_inl.h', 436, 420 ]
302 silly gunzTarPerm extractEntry nan_new.h
303 silly gunzTarPerm modified mode [ 'nan_new.h', 436, 420 ]
304 silly gunzTarPerm extractEntry nan_object_wrap.h
305 silly gunzTarPerm modified mode [ 'nan_object_wrap.h', 436, 420 ]
306 silly gunzTarPerm extractEntry nan_persistent_12_inl.h
307 silly gunzTarPerm modified mode [ 'nan_persistent_12_inl.h', 436, 420 ]
308 silly gunzTarPerm extractEntry nan_persistent_pre_12_inl.h
309 silly gunzTarPerm modified mode [ 'nan_persistent_pre_12_inl.h', 436, 420 ]
310 silly gunzTarPerm extractEntry nan_string_bytes.h
311 silly gunzTarPerm modified mode [ 'nan_string_bytes.h', 436, 420 ]
312 silly gunzTarPerm extractEntry nan_typedarray_contents.h
313 silly gunzTarPerm modified mode [ 'nan_typedarray_contents.h', 436, 420 ]
314 silly gunzTarPerm extractEntry nan_weak.h
315 silly gunzTarPerm modified mode [ 'nan_weak.h', 436, 420 ]
316 silly gunzTarPerm extractEntry CHANGELOG.md
317 silly gunzTarPerm modified mode [ 'CHANGELOG.md', 436, 420 ]
318 silly gunzTarPerm extractEntry tools/package.json
319 silly gunzTarPerm modified mode [ 'tools/package.json', 436, 420 ]
320 silly gunzTarPerm extractEntry tools/README.md
321 silly gunzTarPerm modified mode [ 'tools/README.md', 436, 420 ]
322 silly gunzTarPerm extractEntry tools/1to2.js
323 silly gunzTarPerm modified mode [ 'tools/1to2.js', 509, 493 ]
324 verbose write writing to /Users/student/Desktop/hrsf50-shortly-express/node_modules/bcrypt/node_modules/nan/package.json
325 info preinstall nan@2.3.5
326 verbose readDependencies loading dependencies from /Users/student/Desktop/hrsf50-shortly-express/node_modules/bcrypt/node_modules/nan/package.json
327 verbose readDependencies loading dependencies from /Users/student/Desktop/hrsf50-shortly-express/node_modules/bcrypt/node_modules/nan/package.json
328 silly install resolved []
329 verbose about to build /Users/student/Desktop/hrsf50-shortly-express/node_modules/bcrypt/node_modules/nan
330 info build /Users/student/Desktop/hrsf50-shortly-express/node_modules/bcrypt/node_modules/nan
331 info linkStuff nan@2.3.5
332 silly linkStuff nan@2.3.5 has /Users/student/Desktop/hrsf50-shortly-express/node_modules/bcrypt/node_modules as its parent node_modules
333 verbose linkBins nan@2.3.5
334 verbose linkMans nan@2.3.5
335 verbose rebuildBundles nan@2.3.5
336 info install nan@2.3.5
337 info postinstall nan@2.3.5
338 verbose unlock done using /Users/student/.npm/_locks/nan-dbacf7c997cb46bf.lock for /Users/student/Desktop/hrsf50-shortly-express/node_modules/bcrypt/node_modules/nan
339 verbose about to build /Users/student/Desktop/hrsf50-shortly-express/node_modules/bcrypt
340 info build /Users/student/Desktop/hrsf50-shortly-express/node_modules/bcrypt
341 info linkStuff bcrypt@0.8.7
342 silly linkStuff bcrypt@0.8.7 has /Users/student/Desktop/hrsf50-shortly-express/node_modules as its parent node_modules
343 verbose linkBins bcrypt@0.8.7
344 verbose linkMans bcrypt@0.8.7
345 verbose rebuildBundles bcrypt@0.8.7
346 verbose rebuildBundles [ 'bindings', 'nan' ]
347 info install bcrypt@0.8.7
348 verbose unsafe-perm in lifecycle true
349 info bcrypt@0.8.7 Failed to exec install script
350 verbose unlock done using /Users/student/.npm/_locks/bcrypt-67e16fd85ac9ec98.lock for /Users/student/Desktop/hrsf50-shortly-express/node_modules/bcrypt
351 verbose stack Error: bcrypt@0.8.7 install: `node-gyp rebuild`
351 verbose stack Exit status 1
351 verbose stack     at EventEmitter.<anonymous> (/usr/local/lib/node_modules/npm/lib/utils/lifecycle.js:217:16)
351 verbose stack     at emitTwo (events.js:87:13)
351 verbose stack     at EventEmitter.emit (events.js:172:7)
351 verbose stack     at ChildProcess.<anonymous> (/usr/local/lib/node_modules/npm/lib/utils/spawn.js:24:14)
351 verbose stack     at emitTwo (events.js:87:13)
351 verbose stack     at ChildProcess.emit (events.js:172:7)
351 verbose stack     at maybeClose (internal/child_process.js:827:16)
351 verbose stack     at Process.ChildProcess._handle.onexit (internal/child_process.js:211:5)
352 verbose pkgid bcrypt@0.8.7
353 verbose cwd /Users/student/Desktop/hrsf50-shortly-express
354 error Darwin 15.3.0
355 error argv "/usr/local/bin/node" "/usr/local/bin/npm" "install" "--save" "bcrypt"
356 error node v4.4.3
357 error npm  v2.15.1
358 error code ELIFECYCLE
359 error bcrypt@0.8.7 install: `node-gyp rebuild`
359 error Exit status 1
360 error Failed at the bcrypt@0.8.7 install script 'node-gyp rebuild'.
360 error This is most likely a problem with the bcrypt package,
360 error not with npm itself.
360 error Tell the author that this fails on your system:
360 error     node-gyp rebuild
360 error You can get information on how to open an issue for this project with:
360 error     npm bugs bcrypt
360 error Or if that isn't available, you can get their info via:
360 error
360 error     npm owner ls bcrypt
360 error There is likely additional logging output above.
361 verbose exit [ 1, true ]
362 verbose unbuild node_modules/bcrypt
363 info preuninstall bcrypt@0.8.7
364 info uninstall bcrypt@0.8.7
365 verbose unbuild rmStuff bcrypt@0.8.7 from /Users/student/Desktop/hrsf50-shortly-express/node_modules
366 info postuninstall bcrypt@0.8.7
367 silly gentlyRm /Users/student/Desktop/hrsf50-shortly-express/node_modules/bcrypt is being purged from base /Users/student/Desktop/hrsf50-shortly-express
368 verbose gentlyRm don't care about contents; nuking /Users/student/Desktop/hrsf50-shortly-express/node_modules/bcrypt
369 silly vacuum-fs purging /Users/student/Desktop/hrsf50-shortly-express/node_modules/bcrypt
370 silly vacuum-fs quitting because other entries in /Users/student/Desktop/hrsf50-shortly-express/node_modules
